dez. 10, 2024 2:08:47 PM App main
INFO: Aplicação iniciada
dez. 10, 2024 2:08:47 PM App main
INFO: Produto adicionado ao catálogo: Teclado
dez. 10, 2024 2:08:47 PM App main
INFO: Produto adicionado ao catálogo: Mouse
dez. 10, 2024 2:08:47 PM App main
INFO: Produto adicionado ao catálogo: Monitor
dez. 10, 2024 2:08:47 PM App main
INFO: Pedido criado para o cliente: Cliente1
dez. 10, 2024 2:08:47 PM App main
INFO: Produto adicionado ao pedido: Teclado
dez. 10, 2024 2:08:47 PM App main
INFO: Produto adicionado ao pedido: Mouse
dez. 10, 2024 2:08:47 PM App main
INFO: Produto adicionado ao pedido: Monitor
dez. 10, 2024 2:08:47 PM App main
INFO: Total final do pedido (após desconto, se aplicável): R$ 549.0
dez. 10, 2024 2:09:42 PM App main
INFO: Aplicação iniciada
dez. 10, 2024 2:09:42 PM App main
INFO: Produto adicionado ao catálogo: Teclado
dez. 10, 2024 2:09:42 PM App main
INFO: Produto adicionado ao catálogo: Mouse
dez. 10, 2024 2:09:42 PM App main
INFO: Produto adicionado ao catálogo: Monitor
dez. 10, 2024 2:09:42 PM App main
INFO: Pedido criado para o cliente: Cliente1
dez. 10, 2024 2:09:42 PM App main
INFO: Produto adicionado ao pedido: Teclado
dez. 10, 2024 2:09:42 PM App main
INFO: Produto adicionado ao pedido: Mouse
dez. 10, 2024 2:09:42 PM App main
INFO: Produto adicionado ao pedido: Monitor
dez. 10, 2024 2:09:42 PM App main
INFO: Total final do pedido (após desconto, se aplicável): R$ 549.0
dez. 10, 2024 2:09:48 PM App main
INFO: Aplicação iniciada
dez. 10, 2024 2:09:48 PM App main
INFO: Produto adicionado ao catálogo: Teclado
dez. 10, 2024 2:09:48 PM App main
INFO: Produto adicionado ao catálogo: Mouse
dez. 10, 2024 2:09:48 PM App main
INFO: Produto adicionado ao catálogo: Monitor
dez. 10, 2024 2:09:48 PM App main
INFO: Pedido criado para o cliente: Cliente1
dez. 10, 2024 2:09:48 PM App main
INFO: Produto adicionado ao pedido: Teclado
dez. 10, 2024 2:09:48 PM App main
INFO: Produto adicionado ao pedido: Mouse
dez. 10, 2024 2:09:48 PM App main
INFO: Produto adicionado ao pedido: Monitor
dez. 10, 2024 2:09:48 PM App main
INFO: Total final do pedido (após desconto, se aplicável): R$ 549.0
dez. 10, 2024 3:34:20 PM App main
INFO: Aplicação iniciada
dez. 10, 2024 3:34:20 PM App main
INFO: Produto adicionado ao catálogo: Teclado
dez. 10, 2024 3:34:20 PM App main
INFO: Produto adicionado ao catálogo: Mouse
dez. 10, 2024 3:34:20 PM App main
INFO: Produto adicionado ao catálogo: Monitor
dez. 10, 2024 3:34:20 PM App main
INFO: Pedido criado para o cliente: Cliente1
dez. 10, 2024 3:34:20 PM App main
INFO: Produto adicionado ao pedido: Teclado
dez. 10, 2024 3:34:20 PM App main
INFO: Produto adicionado ao pedido: Mouse
dez. 10, 2024 3:34:20 PM App main
INFO: Produto adicionado ao pedido: Monitor
dez. 10, 2024 3:34:20 PM App main
INFO: Total final do pedido (após desconto, se aplicável): R$ 549.0
dez. 10, 2024 3:40:04 PM App main
INFO: Aplicação iniciada
dez. 10, 2024 3:40:04 PM App main
INFO: Produto adicionado ao catálogo: Teclado
dez. 10, 2024 3:40:04 PM App main
INFO: Produto adicionado ao catálogo: Mouse
dez. 10, 2024 3:40:04 PM App main
INFO: Produto adicionado ao catálogo: Monitor
dez. 10, 2024 3:40:04 PM App main
INFO: Pedido criado para o cliente: Cliente1
dez. 10, 2024 3:40:04 PM App main
INFO: Produto adicionado ao pedido: Teclado
dez. 10, 2024 3:40:04 PM App main
INFO: Produto adicionado ao pedido: Mouse
dez. 10, 2024 3:40:04 PM App main
INFO: Produto adicionado ao pedido: Monitor
dez. 10, 2024 3:40:04 PM App main
INFO: Total final do pedido (após desconto, se aplicável): R$ 549.0
dez. 10, 2024 3:41:10 PM App main
INFO: Aplicação iniciada
dez. 10, 2024 3:41:11 PM App main
INFO: Produto adicionado ao catálogo: Teclado
dez. 10, 2024 3:41:11 PM App main
INFO: Produto adicionado ao catálogo: Mouse
dez. 10, 2024 3:41:11 PM App main
INFO: Produto adicionado ao catálogo: Monitor
dez. 10, 2024 3:41:11 PM App main
INFO: Pedido criado para o cliente: Cliente1
dez. 10, 2024 3:41:11 PM App main
INFO: Produto adicionado ao pedido: Teclado
dez. 10, 2024 3:41:11 PM App main
INFO: Produto adicionado ao pedido: Mouse
dez. 10, 2024 3:41:11 PM App main
INFO: Produto adicionado ao pedido: Monitor
dez. 10, 2024 3:41:11 PM App main
INFO: Total final do pedido (após desconto, se aplicável): R$ 549.0
dez. 10, 2024 3:42:40 PM App main
INFO: Aplicação iniciada
dez. 10, 2024 3:42:40 PM App main
INFO: Produto adicionado ao catálogo: Teclado
dez. 10, 2024 3:42:40 PM App main
INFO: Produto adicionado ao catálogo: Mouse
dez. 10, 2024 3:42:40 PM App main
INFO: Produto adicionado ao catálogo: Monitor
dez. 10, 2024 3:42:40 PM App main
INFO: Pedido criado para o cliente: Cliente1
dez. 10, 2024 3:42:40 PM App main
INFO: Produto adicionado ao pedido: Teclado
dez. 10, 2024 3:42:40 PM App main
INFO: Produto adicionado ao pedido: Mouse
dez. 10, 2024 3:42:40 PM App main
INFO: Produto adicionado ao pedido: Monitor
dez. 10, 2024 3:42:40 PM App main
INFO: Total final do pedido (após desconto, se aplicável): R$ 549.0
dez. 10, 2024 3:43:30 PM App main
INFO: Aplicação iniciada
dez. 10, 2024 3:43:30 PM App main
INFO: Produto adicionado ao catálogo: Teclado
dez. 10, 2024 3:43:30 PM App main
INFO: Produto adicionado ao catálogo: Mouse
dez. 10, 2024 3:43:30 PM App main
INFO: Produto adicionado ao catálogo: Monitor
dez. 10, 2024 3:43:30 PM App main
INFO: Pedido criado para o cliente: Cliente1
dez. 10, 2024 3:43:30 PM App main
INFO: Produto adicionado ao pedido: Teclado
dez. 10, 2024 3:43:30 PM App main
INFO: Produto adicionado ao pedido: Mouse
dez. 10, 2024 3:43:30 PM App main
INFO: Produto adicionado ao pedido: Monitor
dez. 10, 2024 3:43:30 PM App main
INFO: Total final do pedido (após desconto, se aplicável): R$ 549.0
dez. 10, 2024 4:01:45 PM App main
INFO: Aplicação iniciada
dez. 10, 2024 4:02:23 PM App main
INFO: Produto adicionado ao catálogo: Teclado
dez. 10, 2024 4:02:23 PM App main
INFO: Produto adicionado ao catálogo: Mouse
dez. 10, 2024 4:02:23 PM App main
INFO: Produto adicionado ao catálogo: Monitor
dez. 10, 2024 4:02:23 PM App main
INFO: Pedido criado para o cliente: Cliente1
dez. 10, 2024 4:02:23 PM App main
INFO: Produto adicionado ao pedido: Teclado
dez. 10, 2024 4:02:23 PM App main
INFO: Produto adicionado ao pedido: Mouse
dez. 10, 2024 4:02:23 PM App main
INFO: Produto adicionado ao pedido: Monitor
dez. 10, 2024 4:02:23 PM App main
INFO: Total final do pedido (após desconto, se aplicável): R$ 549.0
dez. 10, 2024 4:02:25 PM App main
INFO: Aplicação iniciada
dez. 10, 2024 4:02:25 PM App main
INFO: Produto adicionado ao catálogo: Teclado
dez. 10, 2024 4:02:25 PM App main
INFO: Produto adicionado ao catálogo: Mouse
dez. 10, 2024 4:02:25 PM App main
INFO: Produto adicionado ao catálogo: Monitor
dez. 10, 2024 4:02:25 PM App main
INFO: Pedido criado para o cliente: Cliente1
dez. 10, 2024 4:02:25 PM App main
INFO: Produto adicionado ao pedido: Teclado
dez. 10, 2024 4:02:25 PM App main
INFO: Produto adicionado ao pedido: Mouse
dez. 10, 2024 4:02:25 PM App main
INFO: Produto adicionado ao pedido: Monitor
dez. 10, 2024 4:02:25 PM App main
INFO: Total final do pedido (após desconto, se aplicável): R$ 549.0
dez. 10, 2024 4:02:45 PM App main
INFO: Aplicação iniciada
dez. 10, 2024 4:04:21 PM App main
INFO: Produto adicionado ao catálogo: Teclado
dez. 10, 2024 4:04:21 PM App main
INFO: Produto adicionado ao catálogo: Mouse
dez. 10, 2024 4:04:21 PM App main
INFO: Produto adicionado ao catálogo: Monitor
dez. 10, 2024 4:04:21 PM App main
INFO: Pedido criado para o cliente: Cliente1
dez. 10, 2024 4:04:21 PM App main
INFO: Produto adicionado ao pedido: Teclado
dez. 10, 2024 4:04:21 PM App main
INFO: Produto adicionado ao pedido: Mouse
dez. 10, 2024 4:04:21 PM App main
INFO: Produto adicionado ao pedido: Monitor
dez. 10, 2024 4:04:21 PM App main
INFO: Total final do pedido (após desconto, se aplicável): R$ 549.0
dez. 10, 2024 4:04:23 PM App main
INFO: Aplicação iniciada
dez. 10, 2024 4:23:31 PM App main
INFO: Produto adicionado ao catálogo: Teclado
dez. 10, 2024 4:23:31 PM App main
INFO: Produto adicionado ao catálogo: Mouse
dez. 10, 2024 4:23:31 PM App main
INFO: Produto adicionado ao catálogo: Monitor
dez. 10, 2024 4:23:31 PM App main
INFO: Pedido criado para o cliente: Cliente1
dez. 10, 2024 4:23:31 PM App main
INFO: Produto adicionado ao pedido: Teclado
dez. 10, 2024 4:23:31 PM App main
INFO: Produto adicionado ao pedido: Mouse
dez. 10, 2024 4:23:31 PM App main
INFO: Produto adicionado ao pedido: Monitor
dez. 10, 2024 4:23:31 PM App main
INFO: Total final do pedido (após desconto, se aplicável): R$ 549.0
dez. 10, 2024 4:24:11 PM App main
INFO: Aplicação iniciada
dez. 10, 2024 4:24:45 PM App main
INFO: Produto adicionado ao catálogo: Teclado
dez. 10, 2024 4:24:45 PM App main
INFO: Produto adicionado ao catálogo: Mouse
dez. 10, 2024 4:24:45 PM App main
INFO: Produto adicionado ao catálogo: Monitor
dez. 10, 2024 4:24:45 PM App main
INFO: Pedido criado para o cliente: Cliente1
dez. 10, 2024 4:24:45 PM App main
INFO: Produto adicionado ao pedido: Teclado
dez. 10, 2024 4:24:45 PM App main
INFO: Produto adicionado ao pedido: Mouse
dez. 10, 2024 4:24:45 PM App main
INFO: Produto adicionado ao pedido: Monitor
dez. 10, 2024 4:24:55 PM App main
INFO: Aplicação iniciada
dez. 10, 2024 4:24:55 PM App main
INFO: Produto adicionado ao catálogo: Teclado
dez. 10, 2024 4:24:55 PM App main
INFO: Produto adicionado ao catálogo: Mouse
dez. 10, 2024 4:24:55 PM App main
INFO: Produto adicionado ao catálogo: Monitor
dez. 10, 2024 4:24:55 PM App main
INFO: Pedido criado para o cliente: Cliente1
dez. 10, 2024 4:24:55 PM App main
INFO: Produto adicionado ao pedido: Teclado
dez. 10, 2024 4:24:55 PM App main
INFO: Produto adicionado ao pedido: Mouse
dez. 10, 2024 4:24:55 PM App main
INFO: Produto adicionado ao pedido: Monitor
dez. 10, 2024 4:24:55 PM App main
INFO: Total final do pedido (após desconto, se aplicável): R$ 549.0
dez. 10, 2024 4:25:58 PM App main
INFO: Aplicação iniciada
dez. 10, 2024 4:25:59 PM App main
INFO: Produto adicionado ao catálogo: Teclado
dez. 10, 2024 4:25:59 PM App main
INFO: Produto adicionado ao catálogo: Mouse
dez. 10, 2024 4:25:59 PM App main
INFO: Produto adicionado ao catálogo: Monitor
dez. 10, 2024 4:25:59 PM App main
INFO: Pedido criado para o cliente: Cliente1
dez. 10, 2024 4:25:59 PM App main
INFO: Produto adicionado ao pedido: Teclado
dez. 10, 2024 4:25:59 PM App main
INFO: Produto adicionado ao pedido: Mouse
dez. 10, 2024 4:25:59 PM App main
INFO: Produto adicionado ao pedido: Monitor
dez. 10, 2024 4:25:59 PM App main
INFO: Total final do pedido (após desconto, se aplicável): R$ 549.0
dez. 10, 2024 4:26:04 PM App main
INFO: Aplicação iniciada
dez. 10, 2024 4:26:04 PM App main
INFO: Produto adicionado ao catálogo: Teclado
dez. 10, 2024 4:26:04 PM App main
INFO: Produto adicionado ao catálogo: Mouse
dez. 10, 2024 4:26:04 PM App main
INFO: Produto adicionado ao catálogo: Monitor
dez. 10, 2024 4:26:04 PM App main
INFO: Pedido criado para o cliente: Cliente1
dez. 10, 2024 4:26:04 PM App main
INFO: Produto adicionado ao pedido: Teclado
dez. 10, 2024 4:26:04 PM App main
INFO: Produto adicionado ao pedido: Mouse
dez. 10, 2024 4:26:04 PM App main
INFO: Produto adicionado ao pedido: Monitor
dez. 10, 2024 4:26:04 PM App main
INFO: Total final do pedido (após desconto, se aplicável): R$ 549.0
dez. 10, 2024 4:26:14 PM App main
INFO: Aplicação iniciada
dez. 10, 2024 4:26:14 PM App main
INFO: Produto adicionado ao catálogo: Teclado
dez. 10, 2024 4:26:14 PM App main
INFO: Produto adicionado ao catálogo: Mouse
dez. 10, 2024 4:26:14 PM App main
INFO: Produto adicionado ao catálogo: Monitor
dez. 10, 2024 4:26:14 PM App main
INFO: Pedido criado para o cliente: Cliente1
dez. 10, 2024 4:26:14 PM App main
INFO: Produto adicionado ao pedido: Teclado
dez. 10, 2024 4:26:14 PM App main
INFO: Produto adicionado ao pedido: Mouse
dez. 10, 2024 4:26:14 PM App main
INFO: Produto adicionado ao pedido: Monitor
dez. 10, 2024 4:26:14 PM App main
INFO: Total final do pedido (após desconto, se aplicável): R$ 549.0
dez. 10, 2024 4:26:47 PM App main
INFO: Aplicação iniciada
dez. 10, 2024 4:26:47 PM App main
INFO: Produto adicionado ao catálogo: Teclado
dez. 10, 2024 4:26:47 PM App main
INFO: Produto adicionado ao catálogo: Mouse
dez. 10, 2024 4:26:47 PM App main
INFO: Produto adicionado ao catálogo: Monitor
dez. 10, 2024 4:26:47 PM App main
INFO: Pedido criado para o cliente: Cliente1
dez. 10, 2024 4:26:47 PM App main
INFO: Produto adicionado ao pedido: Teclado
dez. 10, 2024 4:26:47 PM App main
INFO: Produto adicionado ao pedido: Mouse
dez. 10, 2024 4:26:47 PM App main
INFO: Produto adicionado ao pedido: Monitor
dez. 10, 2024 4:26:47 PM App main
INFO: Total final do pedido (após desconto, se aplicável): R$ 549.0
dez. 10, 2024 4:27:01 PM App main
INFO: Aplicação iniciada
dez. 10, 2024 4:27:01 PM App main
INFO: Produto adicionado ao catálogo: Teclado
dez. 10, 2024 4:27:01 PM App main
INFO: Produto adicionado ao catálogo: Mouse
dez. 10, 2024 4:27:01 PM App main
INFO: Produto adicionado ao catálogo: Monitor
dez. 10, 2024 4:27:01 PM App main
INFO: Pedido criado para o cliente: Cliente1
dez. 10, 2024 4:27:01 PM App main
INFO: Produto adicionado ao pedido: Teclado
dez. 10, 2024 4:27:01 PM App main
INFO: Produto adicionado ao pedido: Mouse
dez. 10, 2024 4:27:01 PM App main
INFO: Produto adicionado ao pedido: Monitor
dez. 10, 2024 4:27:01 PM App main
INFO: Total final do pedido (após desconto, se aplicável): R$ 549.0
dez. 10, 2024 5:10:08 PM App main
INFO: Aplicação iniciada
dez. 10, 2024 5:10:08 PM App main
INFO: Produto adicionado ao catálogo: Teclado
dez. 10, 2024 5:10:08 PM App main
INFO: Produto adicionado ao catálogo: Mouse
dez. 10, 2024 5:10:08 PM App main
INFO: Produto adicionado ao catálogo: Monitor
dez. 10, 2024 5:10:08 PM App main
INFO: Pedido criado para o cliente: Cliente1
dez. 10, 2024 5:10:08 PM App main
INFO: Produto adicionado ao pedido: Teclado
dez. 10, 2024 5:10:08 PM App main
INFO: Produto adicionado ao pedido: Mouse
dez. 10, 2024 5:10:08 PM App main
INFO: Produto adicionado ao pedido: Monitor
dez. 12, 2024 8:36:39 PM App main
INFO: Total final do pedido (após desconto, se aplicável): R$ 549.0
dez. 12, 2024 8:36:53 PM App main
INFO: Aplicação iniciada
dez. 12, 2024 8:36:53 PM App main
INFO: Produto adicionado ao catálogo: Teclado
dez. 12, 2024 8:36:53 PM App main
INFO: Produto adicionado ao catálogo: Mouse
dez. 12, 2024 8:36:54 PM App main
INFO: Produto adicionado ao catálogo: Monitor
dez. 12, 2024 8:36:54 PM App main
INFO: Pedido criado para o cliente: Cliente1
dez. 12, 2024 8:36:54 PM App main
INFO: Produto adicionado ao pedido: Teclado
dez. 12, 2024 8:36:54 PM App main
INFO: Produto adicionado ao pedido: Mouse
dez. 12, 2024 8:36:54 PM App main
INFO: Produto adicionado ao pedido: Monitor
dez. 12, 2024 8:36:57 PM App main
INFO: Total final do pedido (após desconto, se aplicável): R$ 549.0
dez. 12, 2024 8:37:06 PM App main
INFO: Aplicação iniciada
dez. 12, 2024 8:37:06 PM App main
INFO: Produto adicionado ao catálogo: Teclado
dez. 12, 2024 8:37:06 PM App main
INFO: Produto adicionado ao catálogo: Mouse
dez. 12, 2024 8:37:06 PM App main
INFO: Produto adicionado ao catálogo: Monitor
dez. 12, 2024 8:37:06 PM App main
INFO: Pedido criado para o cliente: Cliente1
dez. 12, 2024 8:37:06 PM App main
INFO: Produto adicionado ao pedido: Teclado
dez. 12, 2024 8:37:06 PM App main
INFO: Produto adicionado ao pedido: Mouse
dez. 12, 2024 8:37:06 PM App main
INFO: Produto adicionado ao pedido: Monitor
dez. 13, 2024 6:05:40 PM App main
INFO: Aplicação iniciada
dez. 13, 2024 6:05:41 PM App main
INFO: Produto adicionado ao catálogo: Teclado
dez. 13, 2024 6:05:41 PM App main
INFO: Produto adicionado ao catálogo: Mouse
dez. 13, 2024 6:05:41 PM App main
INFO: Produto adicionado ao catálogo: Monitor
dez. 13, 2024 6:05:41 PM App main
INFO: Pedido criado para o cliente: Cliente1
dez. 13, 2024 6:05:41 PM App main
INFO: Produto adicionado ao pedido: Teclado
dez. 13, 2024 6:05:41 PM App main
INFO: Produto adicionado ao pedido: Mouse
dez. 13, 2024 6:05:41 PM App main
INFO: Produto adicionado ao pedido: Monitor
